{
  "0 debug pnpm:scope": {
    "selected": 1
  },
  "1 error pnpm": {
    "code": "ELIFECYCLE",
    "errno": "ENOENT",
    "syscall": "spawn",
    "file": "sh",
    "pkgid": "sanity-kit-starter@0.0.1",
    "stage": "build",
    "script": "svelte-kit build",
    "pkgname": "sanity-kit-starter",
    "err": {
      "name": "pnpm",
      "message": "sanity-kit-starter@0.0.1 build: `svelte-kit build`\nspawn ENOENT",
      "code": "ELIFECYCLE",
      "stack": "pnpm: sanity-kit-starter@0.0.1 build: `svelte-kit build`\nspawn ENOENT\n    at ChildProcess.<anonymous> (/Users/evanford/Library/pnpm/global/5/.pnpm/pnpm@7.5.0/node_modules/pnpm/dist/pnpm.cjs:95169:22)\n    at ChildProcess.emit (node:events:527:28)\n    at maybeClose (node:internal/child_process:1090:16)\n    at Process.ChildProcess._handle.onexit (node:internal/child_process:302:5)"
    }
  },
  "2 warn pnpm:global": " Local package.json exists, but node_modules missing, did you mean to install?"
}